<?xml version="1.0" encoding="UTF-8"?>
<!-- Generated by org.testng.reporters.JUnitXMLReporter -->
<testsuite hostname="DESKTOP-GM20KQQ" ignored="0" name="Default test" tests="5" failures="0" timestamp="2021-05-13T08:52:54 IST" time="0.084" errors="0">
  <testcase name="test" time="0.015" classname="dataprovider.DataProviderDemo"/>
  <testcase name="test" time="0.002" classname="dataprovider.DataProviderDemo"/>
  <testcase name="test2" time="0.002" classname="dataprovider.DataProviderDemo"/>
  <testcase name="test2" time="0.002" classname="dataprovider.DataProviderDemo"/>
  <testcase name="test2" time="0.002" classname="dataprovider.DataProviderDemo"/>
</testsuite> <!-- Default test -->
