<?xml version="1.0" encoding="UTF-8"?>
<testng-results skipped="0" failed="0" ignored="0" total="1" passed="1">
  <reporter-output>
  </reporter-output>
  <suite name="Suite" duration-ms="70442" started-at="2021-05-04T08:48:56 IST" finished-at="2021-05-04T08:50:06 IST">
    <groups>
    </groups>
    <test name="Test" duration-ms="70442" started-at="2021-05-04T08:48:56 IST" finished-at="2021-05-04T08:50:06 IST">
      <class name="parameter.IfElseClassForBrowser">
        <test-method status="PASS" signature="browserDemo(java.lang.String)[pri:0, instance:parameter.IfElseClassForBrowser@e048a]" name="browserDemo" duration-ms="70122" started-at="2021-05-04T08:48:56 IST" finished-at="2021-05-04T08:50:06 IST">
          <params>
            <param index="0">
              <value>
                <![CDATA[firefox]]>
              </value>
            </param>
          </params>
          <reporter-output>
          </reporter-output>
        </test-method> <!-- browserDemo -->
      </class> <!-- parameter.IfElseClassForBrowser -->
    </test> <!-- Test -->
  </suite> <!-- Suite -->
</testng-results>
