<?xml version="1.0" encoding="UTF-8"?>
<testng-results skipped="0" failed="0" ignored="0" total="5" passed="5">
  <reporter-output>
  </reporter-output>
  <suite name="Default suite" duration-ms="84" started-at="2021-05-13T08:52:54 IST" finished-at="2021-05-13T08:52:54 IST">
    <groups>
    </groups>
    <test name="Default test" duration-ms="84" started-at="2021-05-13T08:52:54 IST" finished-at="2021-05-13T08:52:54 IST">
      <class name="dataprovider.DataProviderDemo">
        <test-method status="PASS" signature="test(java.lang.String, java.lang.String)[pri:0, instance:dataprovider.DataProviderDemo@149cea0]" name="test" duration-ms="15" started-at="2021-05-13T08:52:54 IST" data-provider="testData" finished-at="2021-05-13T08:52:54 IST">
          <params>
            <param index="0">
              <value>
                <![CDATA[Test1]]>
              </value>
            </param>
            <param index="1">
              <value>
                <![CDATA[Test2]]>
              </value>
            </param>
          </params>
          <reporter-output>
          </reporter-output>
        </test-method> <!-- test -->
        <test-method status="PASS" signature="test(java.lang.String, java.lang.String)[pri:0, instance:dataprovider.DataProviderDemo@149cea0]" name="test" duration-ms="2" started-at="2021-05-13T08:52:54 IST" data-provider="testData" finished-at="2021-05-13T08:52:54 IST">
          <params>
            <param index="0">
              <value>
                <![CDATA[Test3]]>
              </value>
            </param>
            <param index="1">
              <value>
                <![CDATA[Test4]]>
              </value>
            </param>
          </params>
          <reporter-output>
          </reporter-output>
        </test-method> <!-- test -->
        <test-method status="PASS" signature="test2(int, int, int)[pri:0, instance:dataprovider.DataProviderDemo@149cea0]" name="test2" duration-ms="2" started-at="2021-05-13T08:52:54 IST" data-provider="testData2" finished-at="2021-05-13T08:52:54 IST">
          <params>
            <param index="0">
              <value>
                <![CDATA[1]]>
              </value>
            </param>
            <param index="1">
              <value>
                <![CDATA[2]]>
              </value>
            </param>
            <param index="2">
              <value>
                <![CDATA[3]]>
              </value>
            </param>
          </params>
          <reporter-output>
          </reporter-output>
        </test-method> <!-- test2 -->
        <test-method status="PASS" signature="test2(int, int, int)[pri:0, instance:dataprovider.DataProviderDemo@149cea0]" name="test2" duration-ms="2" started-at="2021-05-13T08:52:54 IST" data-provider="testData2" finished-at="2021-05-13T08:52:54 IST">
          <params>
            <param index="0">
              <value>
                <![CDATA[4]]>
              </value>
            </param>
            <param index="1">
              <value>
                <![CDATA[5]]>
              </value>
            </param>
            <param index="2">
              <value>
                <![CDATA[6]]>
              </value>
            </param>
          </params>
          <reporter-output>
          </reporter-output>
        </test-method> <!-- test2 -->
        <test-method status="PASS" signature="test2(int, int, int)[pri:0, instance:dataprovider.DataProviderDemo@149cea0]" name="test2" duration-ms="2" started-at="2021-05-13T08:52:54 IST" data-provider="testData2" finished-at="2021-05-13T08:52:54 IST">
          <params>
            <param index="0">
              <value>
                <![CDATA[7]]>
              </value>
            </param>
            <param index="1">
              <value>
                <![CDATA[8]]>
              </value>
            </param>
            <param index="2">
              <value>
                <![CDATA[9]]>
              </value>
            </param>
          </params>
          <reporter-output>
          </reporter-output>
        </test-method> <!-- test2 -->
      </class> <!-- dataprovider.DataProviderDemo -->
    </test> <!-- Default test -->
  </suite> <!-- Default suite -->
</testng-results>
